<?xml version="1.0" encoding="UTF-8"?>
<testsuite xmlns:xsi="http://www.w3.org/2001/XMLSchema-instance" xsi:schemaLocation="https://maven.apache.org/surefire/maven-surefire-plugin/xsd/surefire-test-report.xsd" name="TestSuite" time="19.698" tests="3" errors="0" skipped="0" failures="1">
  <properties>
[...]
</properties>
  <testcase name="DesignationTest" classname="Testcases_Masters.MastersTest" time="0.14"/>
  <testcase name="DocumentTypesTest" classname="Testcases_Masters.MastersTest" time="0.117"/>
  <testcase name="eventlist" classname="Testcases_Masters.Testcases" time="10.137">
    <failure message="no such element: Unable to locate element: {&quot;method&quot;:&quot;xpath&quot;,&quot;selector&quot;:&quot;(//a[@class=&apos;2xl:text-sm text-[10px] dark:text-white&apos;])[10]&quot;}&#10;  (Session info: chrome=121.0.6167.184)&#10;For documentation on this error, please visit: https://www.selenium.dev/documentation/webdriver/troubleshooting/errors#no-such-element-exception&#10;Build info: version: &apos;4.16.1&apos;, revision: &apos;9b4c83354e&apos;&#10;System info: os.name: &apos;Linux&apos;, os.arch: &apos;amd64&apos;, os.version: &apos;5.15.0-105-generic&apos;, java.version: &apos;17.0.10&apos;&#10;Driver info: org.openqa.selenium.chrome.ChromeDriver&#10;Command: [4c3498027a08fc1afabdadb4e401423b, findElement {using=xpath, value=(//a[@class=&apos;2xl:text-sm text-[10px] dark:text-white&apos;])[10]}]&#10;Capabilities {acceptInsecureCerts: false, browserName: chrome, browserVersion: 121.0.6167.184, chrome: {chromedriverVersion: 121.0.6167.184 (057a8ae7deb..., userDataDir: /tmp/.org.chromium.Chromium...}, fedcm:accounts: true, goog:chromeOptions: {debuggerAddress: localhost:45553}, networkConnectionEnabled: false, pageLoadStrategy: normal, platformName: linux, proxy: Proxy(), se:cdp: ws://localhost:45553/devtoo..., se:cdpVersion: 121.0.6167.184, setWindowRect: true, strictFileInteractability: false, timeouts: {implicit: 0, pageLoad: 300000, script: 30000}, unhandledPromptBehavior: dismiss and notify, webauthn:extension:credBlob: true, webauthn:extension:largeBlob: true, webauthn:extension:minPinLength: true, webauthn:extension:prf: true, webauthn:virtualAuthenticators: true}&#10;Session ID: 4c3498027a08fc1afabdadb4e401423b" type="org.openqa.selenium.NoSuchElementException">org.openqa.selenium.NoSuchElementException: 
no such element: Unable to locate element: {"method":"xpath","selector":"(//a[@class='2xl:text-sm text-[10px] dark:text-white'])[10]"}
  (Session info: chrome=121.0.6167.184)
For documentation on this error, please visit: https://www.selenium.dev/documentation/webdriver/troubleshooting/errors#no-such-element-exception
Build info: version: '4.16.1', revision: '9b4c83354e'
System info: os.name: 'Linux', os.arch: 'amd64', os.version: '5.15.0-105-generic', java.version: '17.0.10'
Driver info: org.openqa.selenium.chrome.ChromeDriver
Command: [4c3498027a08fc1afabdadb4e401423b, findElement {using=xpath, value=(//a[@class='2xl:text-sm text-[10px] dark:text-white'])[10]}]
Capabilities {acceptInsecureCerts: false, browserName: chrome, browserVersion: 121.0.6167.184, chrome: {chromedriverVersion: 121.0.6167.184 (057a8ae7deb..., userDataDir: /tmp/.org.chromium.Chromium...}, fedcm:accounts: true, goog:chromeOptions: {debuggerAddress: localhost:45553}, networkConnectionEnabled: false, pageLoadStrategy: normal, platformName: linux, proxy: Proxy(), se:cdp: ws://localhost:45553/devtoo..., se:cdpVersion: 121.0.6167.184, setWindowRect: true, strictFileInteractability: false, timeouts: {implicit: 0, pageLoad: 300000, script: 30000}, unhandledPromptBehavior: dismiss and notify, webauthn:extension:credBlob: true, webauthn:extension:largeBlob: true, webauthn:extension:minPinLength: true, webauthn:extension:prf: true, webauthn:virtualAuthenticators: true}
Session ID: 4c3498027a08fc1afabdadb4e401423b
	at Testcases_Masters.Testcases.eventlist(Testcases.java:60)
</failure>
  </testcase>
</testsuite>