<?xml version="1.0" encoding="UTF-8"?>
<testng-results ignored="0" total="1" passed="1" failed="0" skipped="0">
  <reporter-output>
  </reporter-output>
  <suite started-at="2024-05-03T10:01:16 IST" name="Default suite" finished-at="2024-05-03T10:01:43 IST" duration-ms="26995">
    <groups>
    </groups>
    <test started-at="2024-05-03T10:01:16 IST" name="Default test" finished-at="2024-05-03T10:01:43 IST" duration-ms="26995">
      <class name="Company.AllEmployees">
        <test-method is-config="true" signature="report()[pri:0, instance:Company.AllEmployees@31ff1390]" started-at="2024-05-03T10:01:15 IST" name="report" finished-at="2024-05-03T10:01:16 IST" duration-ms="515" status="PASS">
          <reporter-output>
          </reporter-output>
        </test-method> <!-- report -->
        <test-method is-config="true" signature="main()[pri:0, instance:Company.AllEmployees@31ff1390]" started-at="2024-05-03T10:01:16 IST" name="main" finished-at="2024-05-03T10:01:24 IST" duration-ms="8674" status="PASS">
          <reporter-output>
          </reporter-output>
        </test-method> <!-- main -->
        <test-method signature="DocumentTypeTest()[pri:1, instance:Company.AllEmployees@31ff1390]" started-at="2024-05-03T10:01:24 IST" name="DocumentTypeTest" finished-at="2024-05-03T10:01:43 IST" duration-ms="18138" status="PASS">
          <reporter-output>
          </reporter-output>
        </test-method> <!-- DocumentTypeTest -->
        <test-method is-config="true" signature="close()[pri:0, instance:Company.AllEmployees@31ff1390]" started-at="2024-05-03T10:01:43 IST" name="close" finished-at="2024-05-03T10:01:43 IST" duration-ms="114" status="PASS">
          <reporter-output>
          </reporter-output>
        </test-method> <!-- close -->
        <test-method is-config="true" signature="reportflush()[pri:0, instance:Company.AllEmployees@31ff1390]" started-at="2024-05-03T10:01:43 IST" name="reportflush" finished-at="2024-05-03T10:01:43 IST" duration-ms="609" status="PASS">
          <reporter-output>
          </reporter-output>
        </test-method> <!-- reportflush -->
      </class> <!-- Company.AllEmployees -->
    </test> <!-- Default test -->
  </suite> <!-- Default suite -->
</testng-results>
